<?xml version="1.0" encoding="utf-8"?><testsuites name="pytest tests"><testsuite name="pytest" errors="0" failures="0" skipped="0" tests="14" time="73.738" timestamp="2026-05-17T12:38:58.543217+00:00" hostname="agent-env-500042f4-cc16-4a42-8bea-0f27843992c7"><testcase classname="backend.tests.test_iteration2_pro_features" name="test_pro_endpoints_require_auth[/api/ai/cv-rewrite]" time="0.237" /><testcase classname="backend.tests.test_iteration2_pro_features" name="test_pro_endpoints_require_auth[/api/ai/interview-prep]" time="0.188" /><testcase classname="backend.tests.test_iteration2_pro_features" name="test_pro_endpoints_require_auth[/api/ai/jd-scanner]" time="0.145" /><testcase classname="backend.tests.test_iteration2_pro_features" name="test_cv_rewrite_blocks_free_user" time="0.123" /><testcase classname="backend.tests.test_iteration2_pro_features" name="test_interview_prep_blocks_free_user" time="0.141" /><testcase classname="backend.tests.test_iteration2_pro_features" name="test_jd_scanner_blocks_free_user" time="0.102" /><testcase classname="backend.tests.test_iteration2_pro_features" name="test_jd_scanner_validates_empty_jd" time="0.137" /><testcase classname="backend.tests.test_iteration2_pro_features" name="test_cv_rewrite_pro_success_and_logs_usage" time="24.050" /><testcase classname="backend.tests.test_iteration2_pro_features" name="test_interview_prep_pro_success_and_logs_usage" time="21.907" /><testcase classname="backend.tests.test_iteration2_pro_features" name="test_jd_scanner_pro_success_and_logs_usage" time="13.558" /><testcase classname="backend.tests.test_iteration2_pro_features" name="test_existing_optimize_resume_still_works_for_free" time="12.394" /><testcase classname="backend.tests.test_iteration2_pro_features" name="test_reviews_post_blocks_free" time="0.131" /><testcase classname="backend.tests.test_iteration2_pro_features" name="test_reviews_post_works_for_pro" time="0.199" /><testcase classname="backend.tests.test_iteration2_pro_features" name="test_delete_account_wipes_user" time="0.273" /></testsuite></testsuites>