<?xml version="1.0" encoding="utf-8"?><testsuites name="pytest tests"><testsuite name="pytest" errors="0" failures="0" skipped="0" tests="11" time="23.201" timestamp="2026-05-17T11:36:50.965081+00:00" hostname="agent-env-500042f4-cc16-4a42-8bea-0f27843992c7"><testcase classname="backend.tests.backend_test" name="test_root" time="0.242" /><testcase classname="backend.tests.backend_test" name="test_auth_me_no_token" time="0.139" /><testcase classname="backend.tests.backend_test" name="test_auth_me_with_token" time="0.182" /><testcase classname="backend.tests.backend_test" name="test_auth_session_invalid" time="0.215" /><testcase classname="backend.tests.backend_test" name="test_applications_crud" time="0.397" /><testcase classname="backend.tests.backend_test" name="test_applications_requires_auth" time="0.100" /><testcase classname="backend.tests.backend_test" name="test_documents_crud" time="0.217" /><testcase classname="backend.tests.backend_test" name="test_analytics_overview" time="0.130" /><testcase classname="backend.tests.backend_test" name="test_ai_optimize_resume" time="10.737" /><testcase classname="backend.tests.backend_test" name="test_ai_suggestions" time="9.454" /><testcase classname="backend.tests.backend_test" name="test_free_plan_app_limit" time="1.241" /></testsuite></testsuites>